E:\EXERCISES\CPP\WORKSPACECPP\DEBUG\01_ARRAYSANDSTRINGS.OBJ
E:\EXERCISES\CPP\WORKSPACECPP\DEBUG\BITMANIPULATIONS.OBJ
E:\Exercises\CPP\WorkSpaceCPP\Debug\cl.command.1.tlog
E:\Exercises\CPP\WorkSpaceCPP\Debug\CL.read.1.tlog
E:\Exercises\CPP\WorkSpaceCPP\Debug\CL.write.1.tlog
E:\EXERCISES\CPP\WORKSPACECPP\DEBUG\HASHTABLE.OBJ
E:\Exercises\CPP\WorkSpaceCPP\Debug\link.4856.read.1.tlog
E:\Exercises\CPP\WorkSpaceCPP\Debug\link.4856.write.1.tlog
E:\Exercises\CPP\WorkSpaceCPP\Debug\link.4856-cvtres.read.1.tlog
E:\Exercises\CPP\WorkSpaceCPP\Debug\link.4856-cvtres.write.1.tlog
E:\Exercises\CPP\WorkSpaceCPP\Debug\link.6824.read.1.tlog
E:\Exercises\CPP\WorkSpaceCPP\Debug\link.6824.write.1.tlog
E:\Exercises\CPP\WorkSpaceCPP\Debug\link.6824-cvtres.read.1.tlog
E:\Exercises\CPP\WorkSpaceCPP\Debug\link.6824-cvtres.write.1.tlog
E:\Exercises\CPP\WorkSpaceCPP\Debug\link.6988.read.1.tlog
E:\Exercises\CPP\WorkSpaceCPP\Debug\link.6988.write.1.tlog
E:\Exercises\CPP\WorkSpaceCPP\Debug\link.6988-cvtres.read.1.tlog
E:\Exercises\CPP\WorkSpaceCPP\Debug\link.6988-cvtres.write.1.tlog
E:\Exercises\CPP\WorkSpaceCPP\Debug\link.7056.read.1.tlog
E:\Exercises\CPP\WorkSpaceCPP\Debug\link.7056.write.1.tlog
E:\Exercises\CPP\WorkSpaceCPP\Debug\link.7056-cvtres.read.1.tlog
E:\Exercises\CPP\WorkSpaceCPP\Debug\link.7056-cvtres.write.1.tlog
E:\Exercises\CPP\WorkSpaceCPP\Debug\link.7576.read.1.tlog
E:\Exercises\CPP\WorkSpaceCPP\Debug\link.7576.write.1.tlog
E:\Exercises\CPP\WorkSpaceCPP\Debug\link.7576-cvtres.read.1.tlog
E:\Exercises\CPP\WorkSpaceCPP\Debug\link.7576-cvtres.write.1.tlog
E:\Exercises\CPP\WorkSpaceCPP\Debug\link.command.1.tlog
E:\Exercises\CPP\WorkSpaceCPP\Debug\link.read.1.tlog
E:\Exercises\CPP\WorkSpaceCPP\Debug\link.write.1.tlog
E:\Exercises\CPP\WorkSpaceCPP\Debug\link-cvtres.read.1.tlog
E:\Exercises\CPP\WorkSpaceCPP\Debug\link-cvtres.write.1.tlog
E:\EXERCISES\CPP\WORKSPACECPP\DEBUG\MAIN.OBJ
E:\Exercises\CPP\WorkSpaceCPP\Debug\mt.command.1.tlog
E:\Exercises\CPP\WorkSpaceCPP\Debug\mt.read.1.tlog
E:\Exercises\CPP\WorkSpaceCPP\Debug\mt.write.1.tlog
E:\Exercises\CPP\WorkSpaceCPP\Debug\rc.command.1.tlog
E:\Exercises\CPP\WorkSpaceCPP\Debug\rc.read.1.tlog
E:\Exercises\CPP\WorkSpaceCPP\Debug\rc.write.1.tlog
E:\Exercises\CPP\WorkSpaceCPP\Debug\vc100.idb
E:\EXERCISES\CPP\WORKSPACECPP\DEBUG\VC100.PDB
E:\EXERCISES\CPP\WORKSPACECPP\DEBUG\WORKSPACEC++.EXE
E:\Exercises\CPP\WorkSpaceCPP\Debug\WorkspaceC++.exe.embed.manifest
E:\EXERCISES\CPP\WORKSPACECPP\DEBUG\WORKSPACEC++.EXE.EMBED.MANIFEST.RES
E:\EXERCISES\CPP\WORKSPACECPP\DEBUG\WORKSPACEC++.EXE.INTERMEDIATE.MANIFEST
E:\EXERCISES\CPP\WORKSPACECPP\DEBUG\WORKSPACEC++.ILK
E:\EXERCISES\CPP\WORKSPACECPP\DEBUG\WORKSPACEC++.PDB
E:\Exercises\CPP\WorkSpaceCPP\Debug\WorkspaceC++.vcxprojResolveAssemblyReference.cache
E:\Exercises\CPP\WorkSpaceCPP\Debug\WorkspaceC++.write.1.tlog
E:\Exercises\CPP\WorkSpaceCPP\Debug\WorkspaceC++_manifest.rc
E:\EXERCISES\WORKSPACEC++\WORKSPACEC++\DEBUG\BITMANIPULATIONS.OBJ
E:\EXERCISES\WORKSPACEC++\WORKSPACEC++\DEBUG\MAIN.OBJ
E:\EXERCISES\WORKSPACEC++\WORKSPACEC++\DEBUG\VC100.PDB
E:\EXERCISES\WORKSPACEC++\WORKSPACEC++\DEBUG\WORKSPACEC++.EXE
E:\EXERCISES\WORKSPACEC++\WORKSPACEC++\DEBUG\WORKSPACEC++.EXE.EMBED.MANIFEST
E:\EXERCISES\WORKSPACEC++\WORKSPACEC++\DEBUG\WORKSPACEC++.EXE.EMBED.MANIFEST.RES
E:\EXERCISES\WORKSPACEC++\WORKSPACEC++\DEBUG\WORKSPACEC++.EXE.INTERMEDIATE.MANIFEST
E:\EXERCISES\WORKSPACEC++\WORKSPACEC++\DEBUG\WORKSPACEC++.ILK
E:\EXERCISES\WORKSPACEC++\WORKSPACEC++\DEBUG\WORKSPACEC++.PDB
